sources/common/source/uikit/build/outputs/logs/manifest-merger-debug-report.txt
-- Merging decision tree log ---
manifest
ADDED from src/main/AndroidManifest.xml:1:1-25:12
INJECTED from src/main/AndroidManifest.xml:1:1-25:12
INJECTED from src/main/AndroidManifest.xml:1:1-25:12
	package
		ADDED from src/main/AndroidManifest.xml:2:5-42
		INJECTED from src/main/AndroidManifest.xml
		INJECTED from src/main/AndroidManifest.xml
	xmlns:android
		ADDED from src/main/AndroidManifest.xml:1:11-69
meta-data#preloaded_fonts
ADDED from src/main/AndroidManifest.xml:4:5-6:53
	android:resource
		ADDED from src/main/AndroidManifest.xml:6:9-50
	android:name
		ADDED from src/main/AndroidManifest.xml:5:9-39
uses-permission#android.permission.CAMERA
ADDED from src/main/AndroidManifest.xml:8:5-65
	android:name
		ADDED from src/main/AndroidManifest.xml:8:22-62
application
ADDED from src/main/AndroidManifest.xml:10:5-24:19
activity#namba.wallet.nambaone.uikit.camera.ui.CameraActivity
ADDED from src/main/AndroidManifest.xml:11:9-14:52
	android:screenOrientation
		ADDED from src/main/AndroidManifest.xml:14:13-49
	android:configChanges
		ADDED from src/main/AndroidManifest.xml:13:13-59
	android:name
		ADDED from src/main/AndroidManifest.xml:12:13-53
activity#namba.wallet.nambaone.uikit.picker.MediaGalleryActivity
ADDED from src/main/AndroidManifest.xml:15:9-18:52
	android:screenOrientation
		ADDED from src/main/AndroidManifest.xml:18:13-49
	android:configChanges
		ADDED from src/main/AndroidManifest.xml:17:13-59
	android:name
		ADDED from src/main/AndroidManifest.xml:16:13-56
activity#namba.wallet.nambaone.uikit.picker.preview.PreviewActivity
ADDED from src/main/AndroidManifest.xml:19:9-23:70
	android:screenOrientation
		ADDED from src/main/AndroidManifest.xml:22:13-49
	android:windowSoftInputMode
		ADDED from src/main/AndroidManifest.xml:23:13-67
	android:configChanges
		ADDED from src/main/AndroidManifest.xml:21:13-59
	android:name
		ADDED from src/main/AndroidManifest.xml:20:13-59
uses-sdk
INJECTED from src/main/AndroidManifest.xml reason: use-sdk injection requested
INJECTED from src/main/AndroidManifest.xml
INJECTED from src/main/AndroidManifest.xml
INJECTED from src/main/AndroidManifest.xml
INJECTED from src/main/AndroidManifest.xml
	android:targetSdkVersion
		INJECTED from src/main/AndroidManifest.xml
		ADDED from src/main/AndroidManifest.xml
		INJECTED from src/main/AndroidManifest.xml
	android:minSdkVersion
		INJECTED from src/main/AndroidManifest.xml
		ADDED from src/main/AndroidManifest.xml
		INJECTED from src/main/AndroidManifest.xml